<?xml version="1.0" encoding="UTF-8"?>
<!-- Generated by org.testng.reporters.JUnitReportReporter -->
<testsuite skipped="0" hostname="SathishPo" name="TestCase.BaseClass" tests="2" failures="0" timestamp="21 Nov 2018 02:08:29 GMT" time="5.234" errors="0">
  <testcase name="HomePageTest_Tc01" time="5.232" classname="TestCase.BaseClass"/>
  <testcase name="nextPageTest_TC02" time="0.002" classname="TestCase.BaseClass"/>
</testsuite> <!-- TestCase.BaseClass -->
