<?xml version="1.0" encoding="UTF-8"?>
<!-- Generated by org.testng.reporters.JUnitReportReporter -->
<testsuite skipped="0" hostname="SathishPo" name="Pages.DemoHomePage" tests="1" failures="0" timestamp="20 Nov 2018 23:17:28 GMT" time="0.058" errors="0">
  <testcase name="test" time="0.058" classname="Pages.DemoHomePage"/>
</testsuite> <!-- Pages.DemoHomePage -->
